TN:
SF:C:\Users\User\Documents\adrian\node-avanzado\platziverse\platziverse-db\index.js
FN:11,(anonymous_0)
FNF:1
FNH:1
FNDA:14,(anonymous_0)
DA:3,14
DA:4,14
DA:5,14
DA:6,14
DA:7,14
DA:8,14
DA:9,14
DA:11,14
DA:12,14
DA:32,14
DA:33,14
DA:34,14
DA:36,14
DA:37,14
DA:39,14
DA:41,14
DA:42,0
DA:45,14
DA:46,14
DA:48,14
LF:20
LH:19
BRDA:41,0,0,0
BRDA:41,0,1,14
BRF:2
BRH:1
end_of_record
TN:
SF:C:\Users\User\Documents\adrian\node-avanzado\platziverse\platziverse-db\lib\agent.js
FN:3,setupAgent
FN:4,createOrUpdate
FN:22,findById
FN:26,findByUuid
FN:34,findAll
FN:38,findConnected
FN:46,findByUserName
FNF:7
FNH:7
FNDA:14,setupAgent
FNDA:2,createOrUpdate
FNDA:1,findById
FNDA:1,findByUuid
FNDA:1,findAll
FNDA:1,findConnected
FNDA:1,findByUserName
DA:3,2
DA:5,2
DA:11,2
DA:13,2
DA:14,1
DA:15,1
DA:18,1
DA:19,1
DA:23,1
DA:27,1
DA:35,1
DA:39,1
DA:47,1
DA:55,14
LF:14
LH:14
BRDA:13,0,0,1
BRDA:13,0,1,1
BRDA:15,1,0,1
BRDA:15,1,1,0
BRF:4
BRH:3
end_of_record
TN:
SF:C:\Users\User\Documents\adrian\node-avanzado\platziverse\platziverse-db\lib\db.js
FN:6,setupDatabase
FNF:1
FNH:1
FNDA:14,setupDatabase
DA:3,2
DA:4,2
DA:6,2
DA:7,14
DA:8,2
DA:10,14
LF:6
LH:6
BRDA:7,0,0,2
BRDA:7,0,1,12
BRF:2
BRH:2
end_of_record
TN:
SF:C:\Users\User\Documents\adrian\node-avanzado\platziverse\platziverse-db\lib\metric.js
FN:3,setupMetric
FN:4,findByAgentUuid
FN:19,findByTypeAgentUuid
FN:38,create
FNF:4
FNH:4
FNDA:14,setupMetric
FNDA:1,findByAgentUuid
FNDA:1,findByTypeAgentUuid
FNDA:1,create
DA:3,2
DA:5,1
DA:20,1
DA:39,1
DA:43,1
DA:44,1
DA:45,1
DA:46,1
DA:50,14
LF:9
LH:9
BRDA:43,0,0,1
BRDA:43,0,1,0
BRF:2
BRH:1
end_of_record
TN:
SF:C:\Users\User\Documents\adrian\node-avanzado\platziverse\platziverse-db\models\agent.js
FN:6,setupAgentModel
FNF:1
FNH:0
FNDA:0,setupAgentModel
DA:3,2
DA:4,2
DA:6,2
DA:7,0
DA:9,0
LF:5
LH:3
BRF:0
BRH:0
end_of_record
TN:
SF:C:\Users\User\Documents\adrian\node-avanzado\platziverse\platziverse-db\models\metric.js
FN:6,setupMetricModel
FNF:1
FNH:0
FNDA:0,setupMetricModel
DA:3,2
DA:4,2
DA:6,2
DA:7,0
DA:9,0
LF:5
LH:3
BRF:0
BRH:0
end_of_record
TN:
SF:C:\Users\User\Documents\adrian\node-avanzado\platziverse\platziverse-db\tests\fixtures\agent.js
FN:22,extend
FN:30,(anonymous_1)
FN:31,(anonymous_2)
FN:32,(anonymous_3)
FN:32,(anonymous_4)
FN:33,(anonymous_5)
FN:33,(anonymous_6)
FNF:7
FNH:7
FNDA:6,extend
FNDA:8,(anonymous_1)
FNDA:8,(anonymous_2)
FNDA:75,(anonymous_3)
FNDA:300,(anonymous_4)
FNDA:10,(anonymous_5)
FNDA:40,(anonymous_6)
DA:3,2
DA:15,2
DA:23,6
DA:24,6
DA:27,2
DA:30,8
DA:31,8
DA:32,300
DA:33,40
LF:9
LH:9
BRDA:31,0,0,8
BRDA:31,0,1,4
BRF:2
BRH:2
end_of_record
TN:
SF:C:\Users\User\Documents\adrian\node-avanzado\platziverse\platziverse-db\tests\fixtures\metric.js
FN:21,extend
FN:27,(anonymous_1)
FN:28,(anonymous_2)
FN:29,(anonymous_3)
FN:30,(anonymous_4)
FN:31,(anonymous_5)
FN:32,(anonymous_6)
FN:33,(anonymous_7)
FN:34,(anonymous_8)
FNF:9
FNH:9
FNDA:4,extend
FNDA:6,(anonymous_1)
FNDA:30,(anonymous_2)
FNDA:18,(anonymous_3)
FNDA:18,(anonymous_4)
FNDA:6,(anonymous_5)
FNDA:30,(anonymous_6)
FNDA:12,(anonymous_7)
FNDA:6,(anonymous_8)
DA:2,1
DA:4,1
DA:13,1
DA:22,4
DA:23,4
DA:26,1
DA:27,6
DA:28,30
DA:29,18
DA:30,18
DA:31,6
DA:32,30
DA:33,12
DA:34,6
LF:14
LH:14
BRDA:32,0,0,30
BRDA:32,0,1,18
BRF:2
BRH:2
end_of_record
